<?xml version="1.0" encoding="UTF-8"?>
<!-- Generated by org.testng.reporters.JUnitReportReporter -->
<testsuite hostname="DESKTOP-NO62424" failures="7" tests="354" name="testcases.HomePage_TestCases" time="1125.522" errors="0" timestamp="2024-11-28T22:28:11 IST" skipped="12">
  <testcase classname="testcases.HomePage_TestCases" name="TC116_VerifyClickonAffiliateLinkRedirectingToAffiliateProgramPageWithoutLogin" time="2.267"/>
  <testcase classname="testcases.HomePage_TestCases" name="TC002_VerifyHomePageTitle" time="1.102"/>
  <testcase classname="testcases.HomePage_TestCases" name="TC032_ShowAllDesktopsLinkisredirectingtoDesktopsPage" time="4.365"/>
  <testcase classname="testcases.HomePage_TestCases" name="TC018_VerifysearchInputBoxIsEnabled" time="1.150"/>
  <testcase classname="testcases.HomePage_TestCases" name="TC072_VerifyMacBookExTax" time="1.396"/>
  <testcase classname="testcases.HomePage_TestCases" name="TC075_VerifyAddtoWishListButtonofMacBookProductWithoutLogin" time="2.052"/>
  <testcase classname="testcases.HomePage_TestCases" name="TC008_VerifyContactlnkRedirectingtoContactPage" time="3.741"/>
  <testcase classname="testcases.HomePage_TestCases" name="TC031_Mac1LinkisredirectingtoMacPage" time="7.236"/>
  <testcase classname="testcases.HomePage_TestCases" name="TC063_ClickonTest6_0_lnkRedirectingtotest6Page" time="2.985"/>
  <testcase classname="testcases.HomePage_TestCases" name="TC085_VerifyAddtoWishListButtonofiPhoneProductWithLogin" time="5.876"/>
  <testcase classname="testcases.HomePage_TestCases" name="TC011_VerifyLoginlnkRedirectingtoReturingCustomerPage" time="4.554"/>
  <testcase classname="testcases.HomePage_TestCases" name="TC064_ClickonTest7_0_lnkRedirectingtotest7Page" time="3.354"/>
  <testcase classname="testcases.HomePage_TestCases" name="TC054_ClickonTest18_0_lnkRedirectingtotest18Page" time="2.295"/>
  <testcase classname="testcases.HomePage_TestCases" name="TC009_verifyLinksareDisplayedinsideMyAccountLink" time="2.714"/>
  <testcase classname="testcases.HomePage_TestCases" name="TC115_VerifyClickonGiftCertificatesLinkRedirectingToPurchaseAGiftCertificatePage" time="1.356"/>
  <testcase classname="testcases.HomePage_TestCases" name="TC047_ClickoncameraslnkRedirectingtoCamerasPage" time="2.265"/>
  <testcase classname="testcases.HomePage_TestCases" name="TC034_Macs0LinkisredirectingtoMacsPage" time="3.177"/>
  <testcase classname="testcases.HomePage_TestCases" name="TC058_ClickonTest22_0_lnkRedirectingtotest22Page" time="3.042"/>
  <testcase classname="testcases.HomePage_TestCases" name="TC076_VerifyAddtoWishListButtonofMacBookProductWithLogin" time="14.266"/>
  <testcase classname="testcases.HomePage_TestCases" name="TC083_VerifyAddtoCartButtonofiPhoneProduct" time="2.634"/>
  <testcase classname="testcases.HomePage_TestCases" name="TC071_VerifyMacBookTax" time="1.325">
    <failure message="Tax is not matching expected [Tax:$600.00] but found [$602.00
Ex Tax:$500.00]" type="java.lang.AssertionError">
      <![CDATA[java.lang.AssertionError: Tax is not matching expected [Tax:$600.00] but found [$602.00
Ex Tax:$500.00]
at org.testng.Assert.fail(Assert.java:111)
at org.testng.Assert.failNotEquals(Assert.java:1578)
at org.testng.Assert.assertEqualsImpl(Assert.java:150)
at org.testng.Assert.assertEquals(Assert.java:132)
at org.testng.Assert.assertEquals(Assert.java:656)
at testcases.HomePage_TestCases.TC071_VerifyMacBookTax(HomePage_TestCases.java:1269)
at java.base/jdk.internal.reflect.DirectMethodHandleAccessor.invoke(DirectMethodHandleAccessor.java:103)
at java.base/java.lang.reflect.Method.invoke(Method.java:580)
at org.testng.internal.invokers.MethodInvocationHelper.invokeMethod(MethodInvocationHelper.java:141)
at org.testng.internal.invokers.TestInvoker.invokeMethod(TestInvoker.java:686)
at org.testng.internal.invokers.TestInvoker.invokeTestMethod(TestInvoker.java:230)
at org.testng.internal.invokers.MethodRunner.runInSequence(MethodRunner.java:63)
at org.testng.internal.invokers.TestInvoker$MethodInvocationAgent.invoke(TestInvoker.java:992)
at org.testng.internal.invokers.TestInvoker.invokeTestMethods(TestInvoker.java:203)
at org.testng.internal.invokers.TestMethodWorker.invokeTestMethods(TestMethodWorker.java:154)
at org.testng.internal.invokers.TestMethodWorker.run(TestMethodWorker.java:134)
at java.base/java.util.ArrayList.forEach(ArrayList.java:1597)
at org.testng.TestRunner.privateRun(TestRunner.java:739)
at org.testng.TestRunner.run(TestRunner.java:614)
at org.testng.SuiteRunner.runTest(SuiteRunner.java:421)
at org.testng.SuiteRunner$SuiteWorker.run(SuiteRunner.java:463)
at org.testng.internal.thread.ThreadUtil.lambda$execute$0(ThreadUtil.java:64)
at java.base/java.util.concurrent.FutureTask.run(FutureTask.java:317)
at java.base/java.util.concurrent.ThreadPoolExecutor.runWorker(ThreadPoolExecutor.java:1144)
at java.base/java.util.concurrent.ThreadPoolExecutor$Worker.run(ThreadPoolExecutor.java:642)
at java.base/java.lang.Thread.run(Thread.java:1570)
]]>
    </failure>
  </testcase> <!-- TC071_VerifyMacBookTax -->
  <testcase classname="testcases.HomePage_TestCases" name="TC084_VerifyAddtoWishListButtonofiPhoneProductWithoutLogin" time="1.777"/>
  <testcase classname="testcases.HomePage_TestCases" name="TC008_VerifyContactlnkRedirectingtoContactPage" time="3.509"/>
  <testcase classname="testcases.HomePage_TestCases" name="TC032_ShowAllDesktopsLinkisredirectingtoDesktopsPage" time="4.011"/>
  <testcase classname="testcases.HomePage_TestCases" name="TC047_ClickoncameraslnkRedirectingtoCamerasPage" time="2.585"/>
  <testcase classname="testcases.HomePage_TestCases" name="TC110_VerifyClickonTermsAndConditionsLinkRedirectingToTermsAndConditionsPage" time="2.349"/>
  <testcase classname="testcases.HomePage_TestCases" name="TC111_VerifyClickonContactUsLinkRedirectingToContactUsPage" time="2.464"/>
  <testcase classname="testcases.HomePage_TestCases" name="TC062_ClickonTest5_0_lnkRedirectingtotest5Page" time="4.379"/>
  <testcase classname="testcases.HomePage_TestCases" name="TC076_VerifyAddtoWishListButtonofMacBookProductWithLogin" time="14.615"/>
  <testcase classname="testcases.HomePage_TestCases" name="TC063_ClickonTest6_0_lnkRedirectingtotest6Page" time="2.986"/>
  <testcase classname="testcases.HomePage_TestCases" name="TC033_hoveringMouseOnLaptopsandNotebooksLink" time="2.209"/>
  <testcase classname="testcases.HomePage_TestCases" name="TC115_VerifyClickonGiftCertificatesLinkRedirectingToPurchaseAGiftCertificatePage" time="1.949"/>
  <testcase classname="testcases.HomePage_TestCases" name="TC065_ClickonTest8_0_lnkRedirectingtotest8Page" time="6.828"/>
  <testcase classname="testcases.HomePage_TestCases" name="TC014_VerifyShoppingCartlnkRedirectingtoShoppingCartPageWithoutLogin" time="3.683"/>
  <testcase classname="testcases.HomePage_TestCases" name="TC059_ClickonTest23_0_lnkRedirectingtotest23Page" time="2.584"/>
  <testcase classname="testcases.HomePage_TestCases" name="TC018_VerifysearchInputBoxIsEnabled" time="0.715"/>
  <testcase classname="testcases.HomePage_TestCases" name="TC019_VerifysearchInputBoxWithRegisteredtextValue" time="3.600"/>
  <testcase classname="testcases.HomePage_TestCases" name="TC042_webcameras0lnkisredirectingtoWebCamerasPage" time="2.358"/>
  <testcase classname="testcases.HomePage_TestCases" name="TC088_VerifyAppleCinema30Description" time="1.098"/>
  <testcase classname="testcases.HomePage_TestCases" name="TC098_VerifyCanonEOS5DDescription" time="1.509"/>
  <testcase classname="testcases.HomePage_TestCases" name="TC035_windows0LinkisredirectingtoWindowsPage" time="2.569"/>
  <testcase classname="testcases.HomePage_TestCases" name="TC099_VerifyCanonEOS5DExTax" time="1.414"/>
  <testcase classname="testcases.HomePage_TestCases" name="TC073_verifyAgroupof3ButtonsaredisplayedinMacbookProduct" time="1.037"/>
  <testcase classname="testcases.HomePage_TestCases" name="TC046_ClickonphonesandpdaslnkRedirectingtoPhonesAndPDASPage" time="2.644"/>
  <testcase classname="testcases.HomePage_TestCases" name="TC094_VerifyAddtoWishListButtonofAppleCinema30ProductWithoutLogin" time="3.717"/>
  <testcase classname="testcases.HomePage_TestCases" name="TC114_VerifyClickonBrandLinkRedirectingToFindYourFavoriteBrandPage" time="1.305"/>
  <testcase classname="testcases.HomePage_TestCases" name="TC023_VerifyaddtocartbuttonRedirectingtoPageWithMsgWithoutLogin" time="2.016"/>
  <testcase classname="testcases.HomePage_TestCases" name="TC066_ClickonTest9_0_lnkRedirectingtotest9Page" time="1.974"/>
  <testcase classname="testcases.HomePage_TestCases" name="TC061_ClickonTest4_0_lnkRedirectingtotest4Page" time="2.589"/>
  <testcase classname="testcases.HomePage_TestCases" name="TC006_VerifyPoundCurrencyButtonTest" time="3.272"/>
  <testcase classname="testcases.HomePage_TestCases" name="TC074_VerifyAddtoCartButtonofMacBookProduct" time="2.912"/>
  <testcase classname="testcases.HomePage_TestCases" name="TC087_VerifyAppleCinema30LnkisRedirectToAppleCinema30Page" time="2.742"/>
  <testcase classname="testcases.HomePage_TestCases" name="TC077_VerifyCompareThisProductsButtonofMacBookProduct" time="2.180"/>
  <testcase classname="testcases.HomePage_TestCases" name="TC100_VerifyCanonEOS5DNewTax" time="1.358"/>
  <testcase classname="testcases.HomePage_TestCases" name="TC082_verifyAgroupof3ButtonsaredisplayediniPhoneProduct" time="0.932"/>
  <testcase classname="testcases.HomePage_TestCases" name="TC033_hoveringMouseOnLaptopsandNotebooksLink" time="1.653"/>
  <testcase classname="testcases.HomePage_TestCases" name="TC051_ClickonTest15_0_lnkRedirectingtotest15Page" time="2.325"/>
  <testcase classname="testcases.HomePage_TestCases" name="TC064_ClickonTest7_0_lnkRedirectingtotest7Page" time="3.353"/>
  <testcase classname="testcases.HomePage_TestCases" name="TC086_VerifyCompareThisProductsButtonofiPhoneProduct" time="2.534"/>
  <testcase classname="testcases.HomePage_TestCases" name="TC014_VerifyShoppingCartlnkRedirectingtoShoppingCartPageWithoutLogin" time="2.677"/>
  <testcase classname="testcases.HomePage_TestCases" name="TC033_hoveringMouseOnLaptopsandNotebooksLink" time="2.442"/>
  <testcase classname="testcases.HomePage_TestCases" name="TC093_VerifyAddtoCartButtonoRedirectingToAppleCinema30ProductPage" time="3.431"/>
  <testcase classname="testcases.HomePage_TestCases" name="TC117_VerifyClickonAffiliateLinkRedirectingToMyAffiliateAccountPageWithLogin" time="6.302"/>
  <testcase classname="testcases.HomePage_TestCases" name="TC109_VerifyClickonPrivacypolicyLinkRedirectingToPrivacypolicyPage" time="3.094"/>
  <testcase classname="testcases.HomePage_TestCases" name="TC082_verifyAgroupof3ButtonsaredisplayediniPhoneProduct" time="1.497"/>
  <testcase classname="testcases.HomePage_TestCases" name="TC063_ClickonTest6_0_lnkRedirectingtotest6Page" time="2.420"/>
  <testcase classname="testcases.HomePage_TestCases" name="TC055_ClickonTest19_0_lnkRedirectingtotest19Page" time="3.631"/>
  <testcase classname="testcases.HomePage_TestCases" name="TC003_VerifyISLogoDisplayed" time="1.445"/>
  <testcase classname="testcases.HomePage_TestCases" name="TC070_VerifyMacBookDescription" time="1.247"/>
  <testcase classname="testcases.HomePage_TestCases" name="TC116_VerifyClickonAffiliateLinkRedirectingToAffiliateProgramPageWithoutLogin" time="2.098"/>
  <testcase classname="testcases.HomePage_TestCases" name="TC0103_VerifyAddtoCartButtonoRedirectingToCanonEOS5DProductPage" time="1.587"/>
  <testcase classname="testcases.HomePage_TestCases" name="TC057_ClickonTest21_0_lnkRedirectingtotest21Page" time="1.955"/>
  <testcase classname="testcases.HomePage_TestCases" name="TC029_hoveringMouseOnDesktopsLink" time="1.950"/>
  <testcase classname="testcases.HomePage_TestCases" name="TC001_VerifyHomePageLoadSuccessfully" time="2.046"/>
  <testcase classname="testcases.HomePage_TestCases" name="TC011_VerifyLoginlnkRedirectingtoReturingCustomerPage" time="6.850"/>
  <testcase classname="testcases.HomePage_TestCases" name="TC037_hoveringMouseOncomponentsLink" time="2.048"/>
  <testcase classname="testcases.HomePage_TestCases" name="TC038_miceandtrackballs0lnkisredirectingtomiceandtrackballsPage" time="2.953"/>
  <testcase classname="testcases.HomePage_TestCases" name="TC052_ClickonTest16_0_lnkRedirectingtotest16Page" time="2.510"/>
  <testcase classname="testcases.HomePage_TestCases" name="TC019_VerifysearchInputBoxWithRegisteredtextValue" time="3.177"/>
  <testcase classname="testcases.HomePage_TestCases" name="TC089_VerifyAppleCinema30ExTax" time="1.878"/>
  <testcase classname="testcases.HomePage_TestCases" name="TC071_VerifyMacBookTax" time="1.415">
    <failure message="Tax is not matching expected [Tax:$600.00] but found [$602.00
Ex Tax:$500.00]" type="java.lang.AssertionError">
      <![CDATA[java.lang.AssertionError: Tax is not matching expected [Tax:$600.00] but found [$602.00
Ex Tax:$500.00]
at org.testng.Assert.fail(Assert.java:111)
at org.testng.Assert.failNotEquals(Assert.java:1578)
at org.testng.Assert.assertEqualsImpl(Assert.java:150)
at org.testng.Assert.assertEquals(Assert.java:132)
at org.testng.Assert.assertEquals(Assert.java:656)
at testcases.HomePage_TestCases.TC071_VerifyMacBookTax(HomePage_TestCases.java:1269)
at java.base/jdk.internal.reflect.DirectMethodHandleAccessor.invoke(DirectMethodHandleAccessor.java:103)
at java.base/java.lang.reflect.Method.invoke(Method.java:580)
at org.testng.internal.invokers.MethodInvocationHelper.invokeMethod(MethodInvocationHelper.java:141)
at org.testng.internal.invokers.TestInvoker.invokeMethod(TestInvoker.java:686)
at org.testng.internal.invokers.TestInvoker.invokeTestMethod(TestInvoker.java:230)
at org.testng.internal.invokers.MethodRunner.runInSequence(MethodRunner.java:63)
at org.testng.internal.invokers.TestInvoker$MethodInvocationAgent.invoke(TestInvoker.java:992)
at org.testng.internal.invokers.TestInvoker.invokeTestMethods(TestInvoker.java:203)
at org.testng.internal.invokers.TestMethodWorker.invokeTestMethods(TestMethodWorker.java:154)
at org.testng.internal.invokers.TestMethodWorker.run(TestMethodWorker.java:134)
at java.base/java.util.ArrayList.forEach(ArrayList.java:1597)
at org.testng.TestRunner.privateRun(TestRunner.java:739)
at org.testng.TestRunner.run(TestRunner.java:614)
at org.testng.SuiteRunner.runTest(SuiteRunner.java:421)
at org.testng.SuiteRunner$SuiteWorker.run(SuiteRunner.java:463)
at org.testng.internal.thread.ThreadUtil.lambda$execute$0(ThreadUtil.java:64)
at java.base/java.util.concurrent.FutureTask.run(FutureTask.java:317)
at java.base/java.util.concurrent.ThreadPoolExecutor.runWorker(ThreadPoolExecutor.java:1144)
at java.base/java.util.concurrent.ThreadPoolExecutor$Worker.run(ThreadPoolExecutor.java:642)
at java.base/java.lang.Thread.run(Thread.java:1570)
]]>
    </failure>
  </testcase> <!-- TC071_VerifyMacBookTax -->
  <testcase classname="testcases.HomePage_TestCases" name="TC067_ClickonShowAllMP3PlayerslnkRedirectingtoMP3PlayersPage" time="3.150"/>
  <testcase classname="testcases.HomePage_TestCases" name="TC049_ClickonTest11_0_lnkRedirectingtotest11Page" time="2.874"/>
  <testcase classname="testcases.HomePage_TestCases" name="TC054_ClickonTest18_0_lnkRedirectingtotest18Page" time="2.689"/>
  <testcase classname="testcases.HomePage_TestCases" name="TC065_ClickonTest8_0_lnkRedirectingtotest8Page" time="3.273"/>
  <testcase classname="testcases.HomePage_TestCases" name="TC058_ClickonTest22_0_lnkRedirectingtotest22Page" time="3.147"/>
  <testcase classname="testcases.HomePage_TestCases" name="TC003_VerifyISLogoDisplayed" time="1.393"/>
  <testcase classname="testcases.HomePage_TestCases" name="TC057_ClickonTest21_0_lnkRedirectingtotest21Page" time="2.971"/>
  <testcase classname="testcases.HomePage_TestCases" name="TC068_verifyFourProductsInFeaturedHeadline" time="2.192"/>
  <testcase classname="testcases.HomePage_TestCases" name="TC051_ClickonTest15_0_lnkRedirectingtotest15Page" time="2.122"/>
  <testcase classname="testcases.HomePage_TestCases" name="TC002_VerifyHomePageTitle" time="1.255"/>
  <testcase classname="testcases.HomePage_TestCases" name="TC016_VerifycheckoutlnkRedirectingtoShoppingCartPageWithoutLogin" time="3.110"/>
  <testcase classname="testcases.HomePage_TestCases" name="TC114_VerifyClickonBrandLinkRedirectingToFindYourFavoriteBrandPage" time="2.328"/>
  <testcase classname="testcases.HomePage_TestCases" name="TC061_ClickonTest4_0_lnkRedirectingtotest4Page" time="3.027"/>
  <testcase classname="testcases.HomePage_TestCases" name="TC058_ClickonTest22_0_lnkRedirectingtotest22Page" time="2.686"/>
  <testcase classname="testcases.HomePage_TestCases" name="TC078_VerifyiphoneLnkisRedirectToiphonePage" time="3.219"/>
  <testcase classname="testcases.HomePage_TestCases" name="TC085_VerifyAddtoWishListButtonofiPhoneProductWithLogin" time="10.227"/>
  <testcase classname="testcases.HomePage_TestCases" name="TC079_VerifyiPhoneDescription" time="1.409"/>
  <testcase classname="testcases.HomePage_TestCases" name="TC077_VerifyCompareThisProductsButtonofMacBookProduct" time="3.179"/>
  <testcase classname="testcases.HomePage_TestCases" name="TC005_VerifyEuroCurrencyButtonTest" time="1.898"/>
  <testcase classname="testcases.HomePage_TestCases" name="TC092_verifyAgroupof3ButtonsaredisplayedinAppleCinema30Product" time="6.261"/>
  <testcase classname="testcases.HomePage_TestCases" name="TC104_VerifyAddtoWishListButtonofCanonEOS5DProductWithoutLogin" time="1.771"/>
  <testcase classname="testcases.HomePage_TestCases" name="TC027_VerifyDownloadsLinkRedirectingtoAccountDownloadsPage" time="9.181"/>
  <testcase classname="testcases.HomePage_TestCases" name="TC012_VerifyWishListlnkRedirectingtoReturingCustomerPageWithoutLogin" time="4.115"/>
  <testcase classname="testcases.HomePage_TestCases" name="TC056_ClickonTest20_0_lnkRedirectingtotest20Page" time="3.372"/>
  <testcase classname="testcases.HomePage_TestCases" name="TC099_VerifyCanonEOS5DExTax" time="1.733"/>
  <testcase classname="testcases.HomePage_TestCases" name="TC079_VerifyiPhoneDescription" time="0.935"/>
  <testcase classname="testcases.HomePage_TestCases" name="TC090_VerifyAppleCinema30NewTax" time="0.974"/>
  <testcase classname="testcases.HomePage_TestCases" name="TC025_VerifyOrderHistoryLinkRedirectingtoOrderHistoryPage" time="9.802"/>
  <testcase classname="testcases.HomePage_TestCases" name="TC084_VerifyAddtoWishListButtonofiPhoneProductWithoutLogin" time="4.874"/>
  <testcase classname="testcases.HomePage_TestCases" name="TC004_verifyCurencyareDisplayedinsideCurrencyLink" time="2.267"/>
  <testcase classname="testcases.HomePage_TestCases" name="TC047_ClickoncameraslnkRedirectingtoCamerasPage" time="2.485"/>
  <testcase classname="testcases.HomePage_TestCases" name="TC112_VerifyClickonReturnsLinkRedirectingToReturnsPage" time="3.237"/>
  <testcase classname="testcases.HomePage_TestCases" name="TC007_VerifyDollarCurrencyButtonTest" time="3.014"/>
  <testcase classname="testcases.HomePage_TestCases" name="TC086_VerifyCompareThisProductsButtonofiPhoneProduct" time="2.041"/>
  <testcase classname="testcases.HomePage_TestCases" name="TC031_Mac1LinkisredirectingtoMacPage" time="2.270"/>
  <testcase classname="testcases.HomePage_TestCases" name="TC113_VerifyClickonSiteMapLinkRedirectingToSiteMapPage" time="3.070"/>
  <testcase classname="testcases.HomePage_TestCases" name="TC068_verifyFourProductsInFeaturedHeadline" time="1.758"/>
  <testcase classname="testcases.HomePage_TestCases" name="TC068_verifyFourProductsInFeaturedHeadline" time="2.085"/>
  <testcase classname="testcases.HomePage_TestCases" name="TC083_VerifyAddtoCartButtonofiPhoneProduct" time="3.464"/>
  <testcase classname="testcases.HomePage_TestCases" name="TC034_Macs0LinkisredirectingtoMacsPage" time="3.082"/>
  <testcase classname="testcases.HomePage_TestCases" name="TC072_VerifyMacBookExTax" time="1.670"/>
  <testcase classname="testcases.HomePage_TestCases" name="TC040_printers0lnkisredirectingtoPrinterskPage" time="2.384"/>
  <testcase classname="testcases.HomePage_TestCases" name="TC096_VerifyCompareThisProductsButtonofAppleCinema30Product" time="1.951"/>
  <testcase classname="testcases.HomePage_TestCases" name="TC060_ClickonTest24_0_lnkRedirectingtotest24Page" time="3.689"/>
  <testcase classname="testcases.HomePage_TestCases" name="TC044_ClickontabletslnkRedirectingtoTabletsPage" time="2.595"/>
  <testcase classname="testcases.HomePage_TestCases" name="TC111_VerifyClickonContactUsLinkRedirectingToContactUsPage" time="1.521"/>
  <testcase classname="testcases.HomePage_TestCases" name="TC020_VerifysearchInputBoxWithUnRegisteredtextValue" time="2.571"/>
  <testcase classname="testcases.HomePage_TestCases" name="TC052_ClickonTest16_0_lnkRedirectingtotest16Page" time="2.556"/>
  <testcase classname="testcases.HomePage_TestCases" name="TC088_VerifyAppleCinema30Description" time="1.035"/>
  <testcase classname="testcases.HomePage_TestCases" name="TC099_VerifyCanonEOS5DExTax" time="1.548"/>
  <testcase classname="testcases.HomePage_TestCases" name="TC048_hoveringMouseOnMp3PlayersLink" time="4.513"/>
  <testcase classname="testcases.HomePage_TestCases" name="TC041_scanners0lnkisredirectingtoScannersPage" time="2.701"/>
  <testcase classname="testcases.HomePage_TestCases" name="TC046_ClickonphonesandpdaslnkRedirectingtoPhonesAndPDASPage" time="2.738"/>
  <testcase classname="testcases.HomePage_TestCases" name="TC025_VerifyOrderHistoryLinkRedirectingtoOrderHistoryPage" time="10.526"/>
  <testcase classname="testcases.HomePage_TestCases" name="TC094_VerifyAddtoWishListButtonofAppleCinema30ProductWithoutLogin" time="1.473"/>
  <testcase classname="testcases.HomePage_TestCases" name="TC009_verifyLinksareDisplayedinsideMyAccountLink" time="6.408"/>
  <testcase classname="testcases.HomePage_TestCases" name="TC110_VerifyClickonTermsAndConditionsLinkRedirectingToTermsAndConditionsPage" time="5.798"/>
  <testcase classname="testcases.HomePage_TestCases" name="TC045_ClickonsofwarelnkRedirectingtoSoftwarePage" time="2.562"/>
  <testcase classname="testcases.HomePage_TestCases" name="TC032_ShowAllDesktopsLinkisredirectingtoDesktopsPage" time="2.799"/>
  <testcase classname="testcases.HomePage_TestCases" name="TC009_verifyLinksareDisplayedinsideMyAccountLink" time="4.923"/>
  <testcase classname="testcases.HomePage_TestCases" name="TC037_hoveringMouseOncomponentsLink" time="1.223"/>
  <testcase classname="testcases.HomePage_TestCases" name="TC097_VerifyCanonEOS5DLnkisRedirectToCanonEOS5DPage" time="1.960"/>
  <testcase classname="testcases.HomePage_TestCases" name="TC011_VerifyLoginlnkRedirectingtoReturingCustomerPage" time="2.984"/>
  <testcase classname="testcases.HomePage_TestCases" name="TC040_printers0lnkisredirectingtoPrinterskPage" time="2.434"/>
  <testcase classname="testcases.HomePage_TestCases" name="TC010_VerifyRegisterlnkRedirectingtoRegisterAccountPage" time="6.621"/>
  <testcase classname="testcases.HomePage_TestCases" name="TC095_VerifyAddtoAppleCinema30ButtonofAppleCinema30ProductWithLogin" time="7.721"/>
  <testcase classname="testcases.HomePage_TestCases" name="TC109_VerifyClickonPrivacypolicyLinkRedirectingToPrivacypolicyPage" time="2.608"/>
  <testcase classname="testcases.HomePage_TestCases" name="TC109_VerifyClickonPrivacypolicyLinkRedirectingToPrivacypolicyPage" time="2.072"/>
  <testcase classname="testcases.HomePage_TestCases" name="TC107_VerifyClickonAboutUsLinkRedirectingToAboutUsPage" time="2.655"/>
  <testcase classname="testcases.HomePage_TestCases" name="TC021_VerifysearchInputBoxWithNotextValue" time="3.252"/>
  <testcase classname="testcases.HomePage_TestCases" name="TC012_VerifyWishListlnkRedirectingtoReturingCustomerPageWithoutLogin" time="2.494"/>
  <testcase classname="testcases.HomePage_TestCases" name="TC079_VerifyiPhoneDescription" time="1.796"/>
  <testcase classname="testcases.HomePage_TestCases" name="TC082_verifyAgroupof3ButtonsaredisplayediniPhoneProduct" time="1.196"/>
  <testcase classname="testcases.HomePage_TestCases" name="TC076_VerifyAddtoWishListButtonofMacBookProductWithLogin" time="10.694"/>
  <testcase classname="testcases.HomePage_TestCases" name="TC023_VerifyaddtocartbuttonRedirectingtoPageWithMsgWithoutLogin" time="1.971"/>
  <testcase classname="testcases.HomePage_TestCases" name="TC061_ClickonTest4_0_lnkRedirectingtotest4Page" time="2.778"/>
  <testcase classname="testcases.HomePage_TestCases" name="TC069_VerifyMacBooklinkisredirectingtoMacBookpage" time="2.740"/>
  <testcase classname="testcases.HomePage_TestCases" name="TC034_Macs0LinkisredirectingtoMacsPage" time="2.353"/>
  <testcase classname="testcases.HomePage_TestCases" name="TC042_webcameras0lnkisredirectingtoWebCamerasPage" time="2.380"/>
  <testcase classname="testcases.HomePage_TestCases" name="TC036_ShowAllLaptopsandNotebooksLinkisredirectingtoLaptopsandNotebooksPage" time="2.564"/>
  <testcase classname="testcases.HomePage_TestCases" name="TC044_ClickontabletslnkRedirectingtoTabletsPage" time="3.126"/>
  <testcase classname="testcases.HomePage_TestCases" name="TC096_VerifyCompareThisProductsButtonofAppleCinema30Product" time="2.403"/>
  <testcase classname="testcases.HomePage_TestCases" name="TC115_VerifyClickonGiftCertificatesLinkRedirectingToPurchaseAGiftCertificatePage" time="2.601"/>
  <testcase classname="testcases.HomePage_TestCases" name="TC030_PC0LinkisredirectingtoPCPage" time="2.271"/>
  <testcase classname="testcases.HomePage_TestCases" name="TC078_VerifyiphoneLnkisRedirectToiphonePage" time="3.512"/>
  <testcase classname="testcases.HomePage_TestCases" name="TC030_PC0LinkisredirectingtoPCPage" time="7.472"/>
  <testcase classname="testcases.HomePage_TestCases" name="TC117_VerifyClickonAffiliateLinkRedirectingToMyAffiliateAccountPageWithLogin" time="4.475"/>
  <testcase classname="testcases.HomePage_TestCases" name="TC081_VerifyiPhoneTax" time="1.184">
    <failure message="Tax is not matching expected [$123.00] but found [$123.20
Ex Tax:$101.00]" type="java.lang.AssertionError">
      <![CDATA[java.lang.AssertionError: Tax is not matching expected [$123.00] but found [$123.20
Ex Tax:$101.00]
at org.testng.Assert.fail(Assert.java:111)
at org.testng.Assert.failNotEquals(Assert.java:1578)
at org.testng.Assert.assertEqualsImpl(Assert.java:150)
at org.testng.Assert.assertEquals(Assert.java:132)
at org.testng.Assert.assertEquals(Assert.java:656)
at testcases.HomePage_TestCases.TC081_VerifyiPhoneTax(HomePage_TestCases.java:1464)
at java.base/jdk.internal.reflect.DirectMethodHandleAccessor.invoke(DirectMethodHandleAccessor.java:103)
at java.base/java.lang.reflect.Method.invoke(Method.java:580)
at org.testng.internal.invokers.MethodInvocationHelper.invokeMethod(MethodInvocationHelper.java:141)
at org.testng.internal.invokers.TestInvoker.invokeMethod(TestInvoker.java:686)
at org.testng.internal.invokers.TestInvoker.invokeTestMethod(TestInvoker.java:230)
at org.testng.internal.invokers.MethodRunner.runInSequence(MethodRunner.java:63)
at org.testng.internal.invokers.TestInvoker$MethodInvocationAgent.invoke(TestInvoker.java:992)
at org.testng.internal.invokers.TestInvoker.invokeTestMethods(TestInvoker.java:203)
at org.testng.internal.invokers.TestMethodWorker.invokeTestMethods(TestMethodWorker.java:154)
at org.testng.internal.invokers.TestMethodWorker.run(TestMethodWorker.java:134)
at java.base/java.util.ArrayList.forEach(ArrayList.java:1597)
at org.testng.TestRunner.privateRun(TestRunner.java:739)
at org.testng.TestRunner.run(TestRunner.java:614)
at org.testng.SuiteRunner.runTest(SuiteRunner.java:421)
at org.testng.SuiteRunner$SuiteWorker.run(SuiteRunner.java:463)
at org.testng.internal.thread.ThreadUtil.lambda$execute$0(ThreadUtil.java:64)
at java.base/java.util.concurrent.FutureTask.run(FutureTask.java:317)
at java.base/java.util.concurrent.ThreadPoolExecutor.runWorker(ThreadPoolExecutor.java:1144)
at java.base/java.util.concurrent.ThreadPoolExecutor$Worker.run(ThreadPoolExecutor.java:642)
at java.base/java.lang.Thread.run(Thread.java:1570)
]]>
    </failure>
  </testcase> <!-- TC081_VerifyiPhoneTax -->
  <testcase classname="testcases.HomePage_TestCases" name="TC039_monitors2lnkkisredirectingtomonitorsPage" time="2.812"/>
  <testcase classname="testcases.HomePage_TestCases" name="TC096_VerifyCompareThisProductsButtonofAppleCinema30Product" time="3.133"/>
  <testcase classname="testcases.HomePage_TestCases" name="TC111_VerifyClickonContactUsLinkRedirectingToContactUsPage" time="3.055"/>
  <testcase classname="testcases.HomePage_TestCases" name="TC092_verifyAgroupof3ButtonsaredisplayedinAppleCinema30Product" time="1.040"/>
  <testcase classname="testcases.HomePage_TestCases" name="TC007_VerifyDollarCurrencyButtonTest" time="3.797"/>
  <testcase classname="testcases.HomePage_TestCases" name="TC108_VerifyClickonDeliveryInformationLinkRedirectingToDeliveryInformationPage" time="3.389"/>
  <testcase classname="testcases.HomePage_TestCases" name="TC113_VerifyClickonSiteMapLinkRedirectingToSiteMapPage" time="2.076"/>
  <testcase classname="testcases.HomePage_TestCases" name="TC006_VerifyPoundCurrencyButtonTest" time="3.524"/>
  <testcase classname="testcases.HomePage_TestCases" name="TC055_ClickonTest19_0_lnkRedirectingtotest19Page" time="2.708"/>
  <testcase classname="testcases.HomePage_TestCases" name="TC040_printers0lnkisredirectingtoPrinterskPage" time="2.760"/>
  <testcase classname="testcases.HomePage_TestCases" name="TC106_VerifyCompareThisProductsButtonofCanonEOS5DProduct" time="1.769"/>
  <testcase classname="testcases.HomePage_TestCases" name="TC028_VerifyLogoutLinkRedirectingtoLogoutPage" time="12.214"/>
  <testcase classname="testcases.HomePage_TestCases" name="TC016_VerifycheckoutlnkRedirectingtoShoppingCartPageWithoutLogin" time="5.495"/>
  <testcase classname="testcases.HomePage_TestCases" name="TC117_VerifyClickonAffiliateLinkRedirectingToMyAffiliateAccountPageWithLogin" time="8.755"/>
  <testcase classname="testcases.HomePage_TestCases" name="TC044_ClickontabletslnkRedirectingtoTabletsPage" time="2.379"/>
  <testcase classname="testcases.HomePage_TestCases" name="TC026_VerifyTransactionsLinkRedirectingtoYourTransactionsPage" time="12.447"/>
  <testcase classname="testcases.HomePage_TestCases" name="TC024_VerifyMyAccountLinkRedirectingtoMyAccountPage" time="10.667"/>
  <testcase classname="testcases.HomePage_TestCases" name="TC054_ClickonTest18_0_lnkRedirectingtotest18Page" time="2.257"/>
  <testcase classname="testcases.HomePage_TestCases" name="TC100_VerifyCanonEOS5DNewTax" time="1.349"/>
  <testcase classname="testcases.HomePage_TestCases" name="TC089_VerifyAppleCinema30ExTax" time="1.956"/>
  <testcase classname="testcases.HomePage_TestCases" name="TC080_VerifyiPhoneExTax" time="1.337"/>
  <testcase classname="testcases.HomePage_TestCases" name="TC035_windows0LinkisredirectingtoWindowsPage" time="3.760"/>
  <testcase classname="testcases.HomePage_TestCases" name="TC0103_VerifyAddtoCartButtonoRedirectingToCanonEOS5DProductPage" time="0.688"/>
  <testcase classname="testcases.HomePage_TestCases" name="TC027_VerifyDownloadsLinkRedirectingtoAccountDownloadsPage" time="11.194"/>
  <testcase classname="testcases.HomePage_TestCases" name="TC116_VerifyClickonAffiliateLinkRedirectingToAffiliateProgramPageWithoutLogin" time="1.368"/>
  <testcase classname="testcases.HomePage_TestCases" name="TC024_VerifyMyAccountLinkRedirectingtoMyAccountPage" time="9.088"/>
  <testcase classname="testcases.HomePage_TestCases" name="TC028_VerifyLogoutLinkRedirectingtoLogoutPage" time="9.956"/>
  <testcase classname="testcases.HomePage_TestCases" name="TC0103_VerifyAddtoCartButtonoRedirectingToCanonEOS5DProductPage" time="1.655"/>
  <testcase classname="testcases.HomePage_TestCases" name="TC016_VerifycheckoutlnkRedirectingtoShoppingCartPageWithoutLogin" time="4.349"/>
  <testcase classname="testcases.HomePage_TestCases" name="TC067_ClickonShowAllMP3PlayerslnkRedirectingtoMP3PlayersPage" time="3.497"/>
  <testcase classname="testcases.HomePage_TestCases" name="TC090_VerifyAppleCinema30NewTax" time="2.406"/>
  <testcase classname="testcases.HomePage_TestCases" name="TC052_ClickonTest16_0_lnkRedirectingtotest16Page" time="3.054"/>
  <testcase classname="testcases.HomePage_TestCases" name="TC026_VerifyTransactionsLinkRedirectingtoYourTransactionsPage" time="7.074"/>
  <testcase classname="testcases.HomePage_TestCases" name="TC029_hoveringMouseOnDesktopsLink" time="1.658"/>
  <testcase classname="testcases.HomePage_TestCases" name="TC101_VerifyCanonEOS5DOldTax" time="1.459"/>
  <testcase classname="testcases.HomePage_TestCases" name="TC041_scanners0lnkisredirectingtoScannersPage" time="2.160"/>
  <testcase classname="testcases.HomePage_TestCases" name="TC005_VerifyEuroCurrencyButtonTest" time="4.824"/>
  <testcase classname="testcases.HomePage_TestCases" name="TC108_VerifyClickonDeliveryInformationLinkRedirectingToDeliveryInformationPage" time="1.901"/>
  <testcase classname="testcases.HomePage_TestCases" name="TC064_ClickonTest7_0_lnkRedirectingtotest7Page" time="2.914"/>
  <testcase classname="testcases.HomePage_TestCases" name="TC098_VerifyCanonEOS5DDescription" time="0.959"/>
  <testcase classname="testcases.HomePage_TestCases" name="TC102_verifyAgroupof3ButtonsaredisplayedinCanonEOS5DProduct" time="0.644"/>
  <testcase classname="testcases.HomePage_TestCases" name="TC020_VerifysearchInputBoxWithUnRegisteredtextValue" time="2.874"/>
  <testcase classname="testcases.HomePage_TestCases" name="TC093_VerifyAddtoCartButtonoRedirectingToAppleCinema30ProductPage" time="2.166"/>
  <testcase classname="testcases.HomePage_TestCases" name="TC102_verifyAgroupof3ButtonsaredisplayedinCanonEOS5DProduct" time="1.381"/>
  <testcase classname="testcases.HomePage_TestCases" name="TC100_VerifyCanonEOS5DNewTax" time="1.062"/>
  <testcase classname="testcases.HomePage_TestCases" name="TC024_VerifyMyAccountLinkRedirectingtoMyAccountPage" time="7.671"/>
  <testcase classname="testcases.HomePage_TestCases" name="TC050_ClickonTest12_0_lnkRedirectingtotest12Page" time="5.300"/>
  <testcase classname="testcases.HomePage_TestCases" name="TC053_ClickonTest17_0_lnkRedirectingtotest17Page" time="3.807"/>
  <testcase classname="testcases.HomePage_TestCases" name="TC097_VerifyCanonEOS5DLnkisRedirectToCanonEOS5DPage" time="1.896"/>
  <testcase classname="testcases.HomePage_TestCases" name="TC042_webcameras0lnkisredirectingtoWebCamerasPage" time="2.899"/>
  <testcase classname="testcases.HomePage_TestCases" name="TC002_VerifyHomePageTitle" time="0.830"/>
  <testcase classname="testcases.HomePage_TestCases" name="TC057_ClickonTest21_0_lnkRedirectingtotest21Page" time="2.682"/>
  <testcase classname="testcases.HomePage_TestCases" name="TC077_VerifyCompareThisProductsButtonofMacBookProduct" time="1.319"/>
  <testcase classname="testcases.HomePage_TestCases" name="TC036_ShowAllLaptopsandNotebooksLinkisredirectingtoLaptopsandNotebooksPage" time="3.392"/>
  <testcase classname="testcases.HomePage_TestCases" name="TC104_VerifyAddtoWishListButtonofCanonEOS5DProductWithoutLogin" time="1.924"/>
  <testcase classname="testcases.HomePage_TestCases" name="TC107_VerifyClickonAboutUsLinkRedirectingToAboutUsPage" time="2.797"/>
  <testcase classname="testcases.HomePage_TestCases" name="TC021_VerifysearchInputBoxWithNotextValue" time="3.771"/>
  <testcase classname="testcases.HomePage_TestCases" name="TC048_hoveringMouseOnMp3PlayersLink" time="3.569"/>
  <testcase classname="testcases.HomePage_TestCases" name="TC055_ClickonTest19_0_lnkRedirectingtotest19Page" time="2.028"/>
  <testcase classname="testcases.HomePage_TestCases" name="TC053_ClickonTest17_0_lnkRedirectingtotest17Page" time="3.555"/>
  <testcase classname="testcases.HomePage_TestCases" name="TC112_VerifyClickonReturnsLinkRedirectingToReturnsPage" time="2.999"/>
  <testcase classname="testcases.HomePage_TestCases" name="TC014_VerifyShoppingCartlnkRedirectingtoShoppingCartPageWithoutLogin" time="9.167"/>
  <testcase classname="testcases.HomePage_TestCases" name="TC070_VerifyMacBookDescription" time="1.317"/>
  <testcase classname="testcases.HomePage_TestCases" name="TC087_VerifyAppleCinema30LnkisRedirectToAppleCinema30Page" time="3.560"/>
  <testcase classname="testcases.HomePage_TestCases" name="TC073_verifyAgroupof3ButtonsaredisplayedinMacbookProduct" time="0.885"/>
  <testcase classname="testcases.HomePage_TestCases" name="TC084_VerifyAddtoWishListButtonofiPhoneProductWithoutLogin" time="4.425"/>
  <testcase classname="testcases.HomePage_TestCases" name="TC088_VerifyAppleCinema30Description" time="1.070"/>
  <testcase classname="testcases.HomePage_TestCases" name="TC027_VerifyDownloadsLinkRedirectingtoAccountDownloadsPage" time="6.269"/>
  <testcase classname="testcases.HomePage_TestCases" name="TC005_VerifyEuroCurrencyButtonTest" time="2.462"/>
  <testcase classname="testcases.HomePage_TestCases" name="TC091_VerifyAppleCinema30OldTax" time="0.770"/>
  <testcase classname="testcases.HomePage_TestCases" name="TC056_ClickonTest20_0_lnkRedirectingtotest20Page" time="2.939"/>
  <testcase classname="testcases.HomePage_TestCases" name="TC059_ClickonTest23_0_lnkRedirectingtotest23Page" time="3.910"/>
  <testcase classname="testcases.HomePage_TestCases" name="TC059_ClickonTest23_0_lnkRedirectingtotest23Page" time="8.347"/>
  <testcase classname="testcases.HomePage_TestCases" name="TC049_ClickonTest11_0_lnkRedirectingtotest11Page" time="2.382"/>
  <testcase classname="testcases.HomePage_TestCases" name="TC074_VerifyAddtoCartButtonofMacBookProduct" time="1.615"/>
  <testcase classname="testcases.HomePage_TestCases" name="TC089_VerifyAppleCinema30ExTax" time="1.311"/>
  <testcase classname="testcases.HomePage_TestCases" name="TC113_VerifyClickonSiteMapLinkRedirectingToSiteMapPage" time="1.747"/>
  <testcase classname="testcases.HomePage_TestCases" name="TC067_ClickonShowAllMP3PlayerslnkRedirectingtoMP3PlayersPage" time="3.186"/>
  <testcase classname="testcases.HomePage_TestCases" name="TC075_VerifyAddtoWishListButtonofMacBookProductWithoutLogin" time="1.722"/>
  <testcase classname="testcases.HomePage_TestCases" name="TC105_VerifyAddtoCanonEOS5DButtonofCanonEOS5DProductWithLogin" time="14.149"/>
  <testcase classname="testcases.HomePage_TestCases" name="TC026_VerifyTransactionsLinkRedirectingtoYourTransactionsPage" time="12.917"/>
  <testcase classname="testcases.HomePage_TestCases" name="TC039_monitors2lnkkisredirectingtomonitorsPage" time="2.373"/>
  <testcase classname="testcases.HomePage_TestCases" name="TC104_VerifyAddtoWishListButtonofCanonEOS5DProductWithoutLogin" time="3.048"/>
  <testcase classname="testcases.HomePage_TestCases" name="TC108_VerifyClickonDeliveryInformationLinkRedirectingToDeliveryInformationPage" time="2.790"/>
  <testcase classname="testcases.HomePage_TestCases" name="TC050_ClickonTest12_0_lnkRedirectingtotest12Page" time="2.494"/>
  <testcase classname="testcases.HomePage_TestCases" name="TC080_VerifyiPhoneExTax" time="0.884"/>
  <testcase classname="testcases.HomePage_TestCases" name="TC070_VerifyMacBookDescription" time="1.475"/>
  <testcase classname="testcases.HomePage_TestCases" name="TC091_VerifyAppleCinema30OldTax" time="1.474"/>
  <testcase classname="testcases.HomePage_TestCases" name="TC004_verifyCurencyareDisplayedinsideCurrencyLink" time="1.389"/>
  <testcase classname="testcases.HomePage_TestCases" name="TC091_VerifyAppleCinema30OldTax" time="1.422"/>
  <testcase classname="testcases.HomePage_TestCases" name="TC078_VerifyiphoneLnkisRedirectToiphonePage" time="2.779"/>
  <testcase classname="testcases.HomePage_TestCases" name="TC041_scanners0lnkisredirectingtoScannersPage" time="2.957"/>
  <testcase classname="testcases.HomePage_TestCases" name="TC050_ClickonTest12_0_lnkRedirectingtotest12Page" time="1.797"/>
  <testcase classname="testcases.HomePage_TestCases" name="TC072_VerifyMacBookExTax" time="1.152"/>
  <testcase classname="testcases.HomePage_TestCases" name="TC118_VerifyClickonSpecialLinkRedirectingToSpecialOffersPage" time="1.689"/>
  <testcase classname="testcases.HomePage_TestCases" name="TC007_VerifyDollarCurrencyButtonTest" time="2.500"/>
  <testcase classname="testcases.HomePage_TestCases" name="TC029_hoveringMouseOnDesktopsLink" time="2.541"/>
  <testcase classname="testcases.HomePage_TestCases" name="TC051_ClickonTest15_0_lnkRedirectingtotest15Page" time="6.360"/>
  <testcase classname="testcases.HomePage_TestCases" name="TC101_VerifyCanonEOS5DOldTax" time="0.829"/>
  <testcase classname="testcases.HomePage_TestCases" name="TC105_VerifyAddtoCanonEOS5DButtonofCanonEOS5DProductWithLogin" time="8.546"/>
  <testcase classname="testcases.HomePage_TestCases" name="TC018_VerifysearchInputBoxIsEnabled" time="1.396"/>
  <testcase classname="testcases.HomePage_TestCases" name="TC053_ClickonTest17_0_lnkRedirectingtotest17Page" time="2.266"/>
  <testcase classname="testcases.HomePage_TestCases" name="TC102_verifyAgroupof3ButtonsaredisplayedinCanonEOS5DProduct" time="0.827"/>
  <testcase classname="testcases.HomePage_TestCases" name="TC085_VerifyAddtoWishListButtonofiPhoneProductWithLogin" time="14.019"/>
  <testcase classname="testcases.HomePage_TestCases" name="TC080_VerifyiPhoneExTax" time="0.888"/>
  <testcase classname="testcases.HomePage_TestCases" name="TC056_ClickonTest20_0_lnkRedirectingtotest20Page" time="2.119"/>
  <testcase classname="testcases.HomePage_TestCases" name="TC006_VerifyPoundCurrencyButtonTest" time="3.510"/>
  <testcase classname="testcases.HomePage_TestCases" name="TC081_VerifyiPhoneTax" time="1.099">
    <failure message="Tax is not matching expected [$123.00] but found [$123.20
Ex Tax:$101.00]" type="java.lang.AssertionError">
      <![CDATA[java.lang.AssertionError: Tax is not matching expected [$123.00] but found [$123.20
Ex Tax:$101.00]
at org.testng.Assert.fail(Assert.java:111)
at org.testng.Assert.failNotEquals(Assert.java:1578)
at org.testng.Assert.assertEqualsImpl(Assert.java:150)
at org.testng.Assert.assertEquals(Assert.java:132)
at org.testng.Assert.assertEquals(Assert.java:656)
at testcases.HomePage_TestCases.TC081_VerifyiPhoneTax(HomePage_TestCases.java:1464)
at java.base/jdk.internal.reflect.DirectMethodHandleAccessor.invoke(DirectMethodHandleAccessor.java:103)
at java.base/java.lang.reflect.Method.invoke(Method.java:580)
at org.testng.internal.invokers.MethodInvocationHelper.invokeMethod(MethodInvocationHelper.java:141)
at org.testng.internal.invokers.TestInvoker.invokeMethod(TestInvoker.java:686)
at org.testng.internal.invokers.TestInvoker.invokeTestMethod(TestInvoker.java:230)
at org.testng.internal.invokers.MethodRunner.runInSequence(MethodRunner.java:63)
at org.testng.internal.invokers.TestInvoker$MethodInvocationAgent.invoke(TestInvoker.java:992)
at org.testng.internal.invokers.TestInvoker.invokeTestMethods(TestInvoker.java:203)
at org.testng.internal.invokers.TestMethodWorker.invokeTestMethods(TestMethodWorker.java:154)
at org.testng.internal.invokers.TestMethodWorker.run(TestMethodWorker.java:134)
at java.base/java.util.ArrayList.forEach(ArrayList.java:1597)
at org.testng.TestRunner.privateRun(TestRunner.java:739)
at org.testng.TestRunner.run(TestRunner.java:614)
at org.testng.SuiteRunner.runTest(SuiteRunner.java:421)
at org.testng.SuiteRunner$SuiteWorker.run(SuiteRunner.java:463)
at org.testng.internal.thread.ThreadUtil.lambda$execute$0(ThreadUtil.java:64)
at java.base/java.util.concurrent.FutureTask.run(FutureTask.java:317)
at java.base/java.util.concurrent.ThreadPoolExecutor.runWorker(ThreadPoolExecutor.java:1144)
at java.base/java.util.concurrent.ThreadPoolExecutor$Worker.run(ThreadPoolExecutor.java:642)
at java.base/java.lang.Thread.run(Thread.java:1570)
]]>
    </failure>
  </testcase> <!-- TC081_VerifyiPhoneTax -->
  <testcase classname="testcases.HomePage_TestCases" name="TC106_VerifyCompareThisProductsButtonofCanonEOS5DProduct" time="1.758"/>
  <testcase classname="testcases.HomePage_TestCases" name="TC066_ClickonTest9_0_lnkRedirectingtotest9Page" time="2.948"/>
  <testcase classname="testcases.HomePage_TestCases" name="TC020_VerifysearchInputBoxWithUnRegisteredtextValue" time="3.454"/>
  <testcase classname="testcases.HomePage_TestCases" name="TC003_VerifyISLogoDisplayed" time="0.958"/>
  <testcase classname="testcases.HomePage_TestCases" name="TC094_VerifyAddtoWishListButtonofAppleCinema30ProductWithoutLogin" time="2.155"/>
  <testcase classname="testcases.HomePage_TestCases" name="TC106_VerifyCompareThisProductsButtonofCanonEOS5DProduct" time="1.814"/>
  <testcase classname="testcases.HomePage_TestCases" name="TC101_VerifyCanonEOS5DOldTax" time="1.066"/>
  <testcase classname="testcases.HomePage_TestCases" name="TC031_Mac1LinkisredirectingtoMacPage" time="2.817"/>
  <testcase classname="testcases.HomePage_TestCases" name="TC093_VerifyAddtoCartButtonoRedirectingToAppleCinema30ProductPage" time="3.706"/>
  <testcase classname="testcases.HomePage_TestCases" name="TC025_VerifyOrderHistoryLinkRedirectingtoOrderHistoryPage" time="6.023"/>
  <testcase classname="testcases.HomePage_TestCases" name="TC010_VerifyRegisterlnkRedirectingtoRegisterAccountPage" time="5.072"/>
  <testcase classname="testcases.HomePage_TestCases" name="TC081_VerifyiPhoneTax" time="2.119">
    <failure message="Tax is not matching expected [$123.00] but found [$123.20
Ex Tax:$101.00]" type="java.lang.AssertionError">
      <![CDATA[java.lang.AssertionError: Tax is not matching expected [$123.00] but found [$123.20
Ex Tax:$101.00]
at org.testng.Assert.fail(Assert.java:111)
at org.testng.Assert.failNotEquals(Assert.java:1578)
at org.testng.Assert.assertEqualsImpl(Assert.java:150)
at org.testng.Assert.assertEquals(Assert.java:132)
at org.testng.Assert.assertEquals(Assert.java:656)
at testcases.HomePage_TestCases.TC081_VerifyiPhoneTax(HomePage_TestCases.java:1464)
at java.base/jdk.internal.reflect.DirectMethodHandleAccessor.invoke(DirectMethodHandleAccessor.java:103)
at java.base/java.lang.reflect.Method.invoke(Method.java:580)
at org.testng.internal.invokers.MethodInvocationHelper.invokeMethod(MethodInvocationHelper.java:141)
at org.testng.internal.invokers.TestInvoker.invokeMethod(TestInvoker.java:686)
at org.testng.internal.invokers.TestInvoker.invokeTestMethod(TestInvoker.java:230)
at org.testng.internal.invokers.MethodRunner.runInSequence(MethodRunner.java:63)
at org.testng.internal.invokers.TestInvoker$MethodInvocationAgent.invoke(TestInvoker.java:992)
at org.testng.internal.invokers.TestInvoker.invokeTestMethods(TestInvoker.java:203)
at org.testng.internal.invokers.TestMethodWorker.invokeTestMethods(TestMethodWorker.java:154)
at org.testng.internal.invokers.TestMethodWorker.run(TestMethodWorker.java:134)
at java.base/java.util.ArrayList.forEach(ArrayList.java:1597)
at org.testng.TestRunner.privateRun(TestRunner.java:739)
at org.testng.TestRunner.run(TestRunner.java:614)
at org.testng.SuiteRunner.runTest(SuiteRunner.java:421)
at org.testng.SuiteRunner$SuiteWorker.run(SuiteRunner.java:463)
at org.testng.internal.thread.ThreadUtil.lambda$execute$0(ThreadUtil.java:64)
at java.base/java.util.concurrent.FutureTask.run(FutureTask.java:317)
at java.base/java.util.concurrent.ThreadPoolExecutor.runWorker(ThreadPoolExecutor.java:1144)
at java.base/java.util.concurrent.ThreadPoolExecutor$Worker.run(ThreadPoolExecutor.java:642)
at java.base/java.lang.Thread.run(Thread.java:1570)
]]>
    </failure>
  </testcase> <!-- TC081_VerifyiPhoneTax -->
  <testcase classname="testcases.HomePage_TestCases" name="TC036_ShowAllLaptopsandNotebooksLinkisredirectingtoLaptopsandNotebooksPage" time="2.917"/>
  <testcase classname="testcases.HomePage_TestCases" name="TC062_ClickonTest5_0_lnkRedirectingtotest5Page" time="2.848"/>
  <testcase classname="testcases.HomePage_TestCases" name="TC060_ClickonTest24_0_lnkRedirectingtotest24Page" time="2.827"/>
  <testcase classname="testcases.HomePage_TestCases" name="TC043_ClickonshowallcomponentslnisredirectingtoComponentsPage" time="3.136"/>
  <testcase classname="testcases.HomePage_TestCases" name="TC107_VerifyClickonAboutUsLinkRedirectingToAboutUsPage" time="1.519"/>
  <testcase classname="testcases.HomePage_TestCases" name="TC019_VerifysearchInputBoxWithRegisteredtextValue" time="2.698"/>
  <testcase classname="testcases.HomePage_TestCases" name="TC049_ClickonTest11_0_lnkRedirectingtotest11Page" time="2.964"/>
  <testcase classname="testcases.HomePage_TestCases" name="TC075_VerifyAddtoWishListButtonofMacBookProductWithoutLogin" time="12.943">
    <failure message="null" type="java.lang.AssertionError">
      <![CDATA[java.lang.AssertionError: null
at org.testng.Assert.fail(Assert.java:111)
at org.testng.Assert.fail(Assert.java:116)
at testcases.HomePage_TestCases.TC075_VerifyAddtoWishListButtonofMacBookProductWithoutLogin(HomePage_TestCases.java:1350)
at java.base/jdk.internal.reflect.DirectMethodHandleAccessor.invoke(DirectMethodHandleAccessor.java:103)
at java.base/java.lang.reflect.Method.invoke(Method.java:580)
at org.testng.internal.invokers.MethodInvocationHelper.invokeMethod(MethodInvocationHelper.java:141)
at org.testng.internal.invokers.TestInvoker.invokeMethod(TestInvoker.java:686)
at org.testng.internal.invokers.TestInvoker.invokeTestMethod(TestInvoker.java:230)
at org.testng.internal.invokers.MethodRunner.runInSequence(MethodRunner.java:63)
at org.testng.internal.invokers.TestInvoker$MethodInvocationAgent.invoke(TestInvoker.java:992)
at org.testng.internal.invokers.TestInvoker.invokeTestMethods(TestInvoker.java:203)
at org.testng.internal.invokers.TestMethodWorker.invokeTestMethods(TestMethodWorker.java:154)
at org.testng.internal.invokers.TestMethodWorker.run(TestMethodWorker.java:134)
at java.base/java.util.ArrayList.forEach(ArrayList.java:1597)
at org.testng.TestRunner.privateRun(TestRunner.java:739)
at org.testng.TestRunner.run(TestRunner.java:614)
at org.testng.SuiteRunner.runTest(SuiteRunner.java:421)
at org.testng.SuiteRunner$SuiteWorker.run(SuiteRunner.java:463)
at org.testng.internal.thread.ThreadUtil.lambda$execute$0(ThreadUtil.java:64)
at java.base/java.util.concurrent.FutureTask.run(FutureTask.java:317)
at java.base/java.util.concurrent.ThreadPoolExecutor.runWorker(ThreadPoolExecutor.java:1144)
at java.base/java.util.concurrent.ThreadPoolExecutor$Worker.run(ThreadPoolExecutor.java:642)
at java.base/java.lang.Thread.run(Thread.java:1570)
]]>
    </failure>
  </testcase> <!-- TC075_VerifyAddtoWishListButtonofMacBookProductWithoutLogin -->
  <testcase classname="testcases.HomePage_TestCases" name="TC118_VerifyClickonSpecialLinkRedirectingToSpecialOffersPage" time="3.009"/>
  <testcase classname="testcases.HomePage_TestCases" name="TC090_VerifyAppleCinema30NewTax" time="1.946"/>
  <testcase classname="testcases.HomePage_TestCases" name="TC043_ClickonshowallcomponentslnisredirectingtoComponentsPage" time="3.953"/>
  <testcase classname="testcases.HomePage_TestCases" name="TC095_VerifyAddtoAppleCinema30ButtonofAppleCinema30ProductWithLogin" time="10.327"/>
  <testcase classname="testcases.HomePage_TestCases" name="TC008_VerifyContactlnkRedirectingtoContactPage" time="3.475"/>
  <testcase classname="testcases.HomePage_TestCases" name="TC023_VerifyaddtocartbuttonRedirectingtoPageWithMsgWithoutLogin" time="1.979"/>
  <testcase classname="testcases.HomePage_TestCases" name="TC110_VerifyClickonTermsAndConditionsLinkRedirectingToTermsAndConditionsPage" time="1.598"/>
  <testcase classname="testcases.HomePage_TestCases" name="TC087_VerifyAppleCinema30LnkisRedirectToAppleCinema30Page" time="3.821"/>
  <testcase classname="testcases.HomePage_TestCases" name="TC037_hoveringMouseOncomponentsLink" time="2.910"/>
  <testcase classname="testcases.HomePage_TestCases" name="TC092_verifyAgroupof3ButtonsaredisplayedinAppleCinema30Product" time="1.042"/>
  <testcase classname="testcases.HomePage_TestCases" name="TC086_VerifyCompareThisProductsButtonofiPhoneProduct" time="1.979"/>
  <testcase classname="testcases.HomePage_TestCases" name="TC060_ClickonTest24_0_lnkRedirectingtotest24Page" time="3.638"/>
  <testcase classname="testcases.HomePage_TestCases" name="TC114_VerifyClickonBrandLinkRedirectingToFindYourFavoriteBrandPage" time="1.992"/>
  <testcase classname="testcases.HomePage_TestCases" name="TC095_VerifyAddtoAppleCinema30ButtonofAppleCinema30ProductWithLogin" time="15.020"/>
  <testcase classname="testcases.HomePage_TestCases" name="TC062_ClickonTest5_0_lnkRedirectingtotest5Page" time="2.912"/>
  <testcase classname="testcases.HomePage_TestCases" name="TC035_windows0LinkisredirectingtoWindowsPage" time="2.738"/>
  <testcase classname="testcases.HomePage_TestCases" name="TC069_VerifyMacBooklinkisredirectingtoMacBookpage" time="3.699"/>
  <testcase classname="testcases.HomePage_TestCases" name="TC097_VerifyCanonEOS5DLnkisRedirectToCanonEOS5DPage" time="2.435"/>
  <testcase classname="testcases.HomePage_TestCases" name="TC045_ClickonsofwarelnkRedirectingtoSoftwarePage" time="2.447"/>
  <testcase classname="testcases.HomePage_TestCases" name="TC004_verifyCurencyareDisplayedinsideCurrencyLink" time="1.843"/>
  <testcase classname="testcases.HomePage_TestCases" name="TC112_VerifyClickonReturnsLinkRedirectingToReturnsPage" time="2.200"/>
  <testcase classname="testcases.HomePage_TestCases" name="TC039_monitors2lnkkisredirectingtomonitorsPage" time="2.791"/>
  <testcase classname="testcases.HomePage_TestCases" name="TC065_ClickonTest8_0_lnkRedirectingtotest8Page" time="3.315"/>
  <testcase classname="testcases.HomePage_TestCases" name="TC001_VerifyHomePageLoadSuccessfully" time="0.812"/>
  <testcase classname="testcases.HomePage_TestCases" name="TC066_ClickonTest9_0_lnkRedirectingtotest9Page" time="3.216"/>
  <testcase classname="testcases.HomePage_TestCases" name="TC083_VerifyAddtoCartButtonofiPhoneProduct" time="3.054"/>
  <testcase classname="testcases.HomePage_TestCases" name="TC098_VerifyCanonEOS5DDescription" time="1.469"/>
  <testcase classname="testcases.HomePage_TestCases" name="TC001_VerifyHomePageLoadSuccessfully" time="1.061"/>
  <testcase classname="testcases.HomePage_TestCases" name="TC074_VerifyAddtoCartButtonofMacBookProduct" time="6.554"/>
  <testcase classname="testcases.HomePage_TestCases" name="TC043_ClickonshowallcomponentslnisredirectingtoComponentsPage" time="4.766"/>
  <testcase classname="testcases.HomePage_TestCases" name="TC045_ClickonsofwarelnkRedirectingtoSoftwarePage" time="2.575"/>
  <testcase classname="testcases.HomePage_TestCases" name="TC012_VerifyWishListlnkRedirectingtoReturingCustomerPageWithoutLogin" time="4.577"/>
  <testcase classname="testcases.HomePage_TestCases" name="TC038_miceandtrackballs0lnkisredirectingtomiceandtrackballsPage" time="3.600"/>
  <testcase classname="testcases.HomePage_TestCases" name="TC073_verifyAgroupof3ButtonsaredisplayedinMacbookProduct" time="0.791"/>
  <testcase classname="testcases.HomePage_TestCases" name="TC046_ClickonphonesandpdaslnkRedirectingtoPhonesAndPDASPage" time="2.818"/>
  <testcase classname="testcases.HomePage_TestCases" name="TC030_PC0LinkisredirectingtoPCPage" time="3.210"/>
  <testcase classname="testcases.HomePage_TestCases" name="TC010_VerifyRegisterlnkRedirectingtoRegisterAccountPage" time="4.884"/>
  <testcase classname="testcases.HomePage_TestCases" name="TC118_VerifyClickonSpecialLinkRedirectingToSpecialOffersPage" time="2.095"/>
  <testcase classname="testcases.HomePage_TestCases" name="TC038_miceandtrackballs0lnkisredirectingtomiceandtrackballsPage" time="1.864"/>
  <testcase classname="testcases.HomePage_TestCases" name="TC048_hoveringMouseOnMp3PlayersLink" time="4.776"/>
  <testcase classname="testcases.HomePage_TestCases" name="TC021_VerifysearchInputBoxWithNotextValue" time="2.224"/>
  <testcase classname="testcases.HomePage_TestCases" name="TC028_VerifyLogoutLinkRedirectingtoLogoutPage" time="5.824"/>
  <testcase classname="testcases.HomePage_TestCases" name="TC071_VerifyMacBookTax" time="0.995">
    <failure message="Tax is not matching expected [Tax:$600.00] but found [$602.00
Ex Tax:$500.00]" type="java.lang.AssertionError">
      <![CDATA[java.lang.AssertionError: Tax is not matching expected [Tax:$600.00] but found [$602.00
Ex Tax:$500.00]
at org.testng.Assert.fail(Assert.java:111)
at org.testng.Assert.failNotEquals(Assert.java:1578)
at org.testng.Assert.assertEqualsImpl(Assert.java:150)
at org.testng.Assert.assertEquals(Assert.java:132)
at org.testng.Assert.assertEquals(Assert.java:656)
at testcases.HomePage_TestCases.TC071_VerifyMacBookTax(HomePage_TestCases.java:1269)
at java.base/jdk.internal.reflect.DirectMethodHandleAccessor.invoke(DirectMethodHandleAccessor.java:103)
at java.base/java.lang.reflect.Method.invoke(Method.java:580)
at org.testng.internal.invokers.MethodInvocationHelper.invokeMethod(MethodInvocationHelper.java:141)
at org.testng.internal.invokers.TestInvoker.invokeMethod(TestInvoker.java:686)
at org.testng.internal.invokers.TestInvoker.invokeTestMethod(TestInvoker.java:230)
at org.testng.internal.invokers.MethodRunner.runInSequence(MethodRunner.java:63)
at org.testng.internal.invokers.TestInvoker$MethodInvocationAgent.invoke(TestInvoker.java:992)
at org.testng.internal.invokers.TestInvoker.invokeTestMethods(TestInvoker.java:203)
at org.testng.internal.invokers.TestMethodWorker.invokeTestMethods(TestMethodWorker.java:154)
at org.testng.internal.invokers.TestMethodWorker.run(TestMethodWorker.java:134)
at java.base/java.util.ArrayList.forEach(ArrayList.java:1597)
at org.testng.TestRunner.privateRun(TestRunner.java:739)
at org.testng.TestRunner.run(TestRunner.java:614)
at org.testng.SuiteRunner.runTest(SuiteRunner.java:421)
at org.testng.SuiteRunner$SuiteWorker.run(SuiteRunner.java:463)
at org.testng.internal.thread.ThreadUtil.lambda$execute$0(ThreadUtil.java:64)
at java.base/java.util.concurrent.FutureTask.run(FutureTask.java:317)
at java.base/java.util.concurrent.ThreadPoolExecutor.runWorker(ThreadPoolExecutor.java:1144)
at java.base/java.util.concurrent.ThreadPoolExecutor$Worker.run(ThreadPoolExecutor.java:642)
at java.base/java.lang.Thread.run(Thread.java:1570)
]]>
    </failure>
  </testcase> <!-- TC071_VerifyMacBookTax -->
  <testcase classname="testcases.HomePage_TestCases" name="TC105_VerifyAddtoCanonEOS5DButtonofCanonEOS5DProductWithLogin" time="7.954"/>
  <testcase classname="testcases.HomePage_TestCases" name="TC069_VerifyMacBooklinkisredirectingtoMacBookpage" time="4.390"/>
  <testcase classname="testcases.HomePage_TestCases" name="TC013_VerifyWishListlnkRedirectingtoMyWishListPageWithLogin">
    <skipped/>
  </testcase> <!-- TC013_VerifyWishListlnkRedirectingtoMyWishListPageWithLogin -->
  <testcase classname="testcases.HomePage_TestCases" name="TC013_VerifyWishListlnkRedirectingtoMyWishListPageWithLogin">
    <skipped/>
  </testcase> <!-- TC013_VerifyWishListlnkRedirectingtoMyWishListPageWithLogin -->
  <testcase classname="testcases.HomePage_TestCases" name="TC015_VerifyShoppingCartlnkRedirectingtoShoppingCartPageWithLogin">
    <skipped/>
  </testcase> <!-- TC015_VerifyShoppingCartlnkRedirectingtoShoppingCartPageWithLogin -->
  <testcase classname="testcases.HomePage_TestCases" name="TC017_VerifycheckoutlnkRedirectingtoShoppingCartPageWithLogin">
    <skipped/>
  </testcase> <!-- TC017_VerifycheckoutlnkRedirectingtoShoppingCartPageWithLogin -->
  <testcase classname="testcases.HomePage_TestCases" name="TC015_VerifyShoppingCartlnkRedirectingtoShoppingCartPageWithLogin">
    <skipped/>
  </testcase> <!-- TC015_VerifyShoppingCartlnkRedirectingtoShoppingCartPageWithLogin -->
  <testcase classname="testcases.HomePage_TestCases" name="TC022_VerifyaddtoCartbuttonredirecttobillingPageWithLogin">
    <skipped/>
  </testcase> <!-- TC022_VerifyaddtoCartbuttonredirecttobillingPageWithLogin -->
  <testcase classname="testcases.HomePage_TestCases" name="TC015_VerifyShoppingCartlnkRedirectingtoShoppingCartPageWithLogin">
    <skipped/>
  </testcase> <!-- TC015_VerifyShoppingCartlnkRedirectingtoShoppingCartPageWithLogin -->
  <testcase classname="testcases.HomePage_TestCases" name="TC022_VerifyaddtoCartbuttonredirecttobillingPageWithLogin">
    <skipped/>
  </testcase> <!-- TC022_VerifyaddtoCartbuttonredirecttobillingPageWithLogin -->
  <testcase classname="testcases.HomePage_TestCases" name="TC017_VerifycheckoutlnkRedirectingtoShoppingCartPageWithLogin">
    <skipped/>
  </testcase> <!-- TC017_VerifycheckoutlnkRedirectingtoShoppingCartPageWithLogin -->
  <testcase classname="testcases.HomePage_TestCases" name="TC013_VerifyWishListlnkRedirectingtoMyWishListPageWithLogin">
    <skipped/>
  </testcase> <!-- TC013_VerifyWishListlnkRedirectingtoMyWishListPageWithLogin -->
  <testcase classname="testcases.HomePage_TestCases" name="TC022_VerifyaddtoCartbuttonredirecttobillingPageWithLogin">
    <skipped/>
  </testcase> <!-- TC022_VerifyaddtoCartbuttonredirecttobillingPageWithLogin -->
  <testcase classname="testcases.HomePage_TestCases" name="TC017_VerifycheckoutlnkRedirectingtoShoppingCartPageWithLogin">
    <skipped/>
  </testcase> <!-- TC017_VerifycheckoutlnkRedirectingtoShoppingCartPageWithLogin -->
</testsuite> <!-- testcases.HomePage_TestCases -->
